0 info it worked if it ends with ok
1 verbose cli [ '/usr/local/Cellar/node/6.4.0/bin/node',
1 verbose cli   '/usr/local/bin/npm',
1 verbose cli   'run',
1 verbose cli   'test-react' ]
2 info using npm@3.10.3
3 info using node@v6.4.0
4 verbose run-script [ 'pretest-react', 'test-react', 'posttest-react' ]
5 info lifecycle tiketiketan.com@1.0.0~pretest-react: tiketiketan.com@1.0.0
6 silly lifecycle tiketiketan.com@1.0.0~pretest-react: no script for pretest-react, continuing
7 info lifecycle tiketiketan.com@1.0.0~test-react: tiketiketan.com@1.0.0
8 verbose lifecycle tiketiketan.com@1.0.0~test-react: unsafe-perm in lifecycle true
9 verbose lifecycle tiketiketan.com@1.0.0~test-react: PATH: /usr/local/lib/node_modules/npm/bin/node-gyp-bin:/Users/adhy/Programming/tallently/node_modules/.bin:/usr/local/Cellar/node/6.4.0/bin:/Users/adhy/.rvm/gems/ruby-2.3.0/bin:/Users/adhy/.rvm/gems/ruby-2.3.0@global/bin:/Users/adhy/.rvm/rubies/ruby-2.3.0/bin:/usr/local/bin:/usr/bin:/bin:/usr/sbin:/sbin:/usr/local/go/bin:/Users/adhy/.rvm/bin
10 verbose lifecycle tiketiketan.com@1.0.0~test-react: CWD: /Users/adhy/Programming/tallently
11 silly lifecycle tiketiketan.com@1.0.0~test-react: Args: [ '-c',
11 silly lifecycle   'export NODE_ENV=testing && mocha ./tests/react-spec.js --compilers js:babel-core/register --require ignore-styles' ]
12 silly lifecycle tiketiketan.com@1.0.0~test-react: Returned: code: 1  signal: null
13 info lifecycle tiketiketan.com@1.0.0~test-react: Failed to exec test-react script
14 verbose stack Error: tiketiketan.com@1.0.0 test-react: `export NODE_ENV=testing && mocha ./tests/react-spec.js --compilers js:babel-core/register --require ignore-styles`
14 verbose stack Exit status 1
14 verbose stack     at EventEmitter.<anonymous> (/usr/local/lib/node_modules/npm/lib/utils/lifecycle.js:242:16)
14 verbose stack     at emitTwo (events.js:106:13)
14 verbose stack     at EventEmitter.emit (events.js:191:7)
14 verbose stack     at ChildProcess.<anonymous> (/usr/local/lib/node_modules/npm/lib/utils/spawn.js:40:14)
14 verbose stack     at emitTwo (events.js:106:13)
14 verbose stack     at ChildProcess.emit (events.js:191:7)
14 verbose stack     at maybeClose (internal/child_process.js:852:16)
14 verbose stack     at Process.ChildProcess._handle.onexit (internal/child_process.js:215:5)
15 verbose pkgid tiketiketan.com@1.0.0
16 verbose cwd /Users/adhy/Programming/tallently
17 error Darwin 15.6.0
18 error argv "/usr/local/Cellar/node/6.4.0/bin/node" "/usr/local/bin/npm" "run" "test-react"
19 error node v6.4.0
20 error npm  v3.10.3
21 error code ELIFECYCLE
22 error tiketiketan.com@1.0.0 test-react: `export NODE_ENV=testing && mocha ./tests/react-spec.js --compilers js:babel-core/register --require ignore-styles`
22 error Exit status 1
23 error Failed at the tiketiketan.com@1.0.0 test-react script 'export NODE_ENV=testing && mocha ./tests/react-spec.js --compilers js:babel-core/register --require ignore-styles'.
23 error Make sure you have the latest version of node.js and npm installed.
23 error If you do, this is most likely a problem with the tiketiketan.com package,
23 error not with npm itself.
23 error Tell the author that this fails on your system:
23 error     export NODE_ENV=testing && mocha ./tests/react-spec.js --compilers js:babel-core/register --require ignore-styles
23 error You can get information on how to open an issue for this project with:
23 error     npm bugs tiketiketan.com
23 error Or if that isn't available, you can get their info via:
23 error     npm owner ls tiketiketan.com
23 error There is likely additional logging output above.
24 verbose exit [ 1, true ]
